-------------------------------------------------------------------------------
Test set: org.studyeasy.SpringStarter.SpringStarterApplicationTests
-------------------------------------------------------------------------------
Tests run: 1, Failures: 0, Errors: 1, Skipped: 0, Time elapsed: 0.141 s <<< FAILURE! - in org.studyeasy.SpringStarter.SpringStarterApplicationTests
org.studyeasy.SpringStarter.SpringStarterApplicationTests  Time elapsed: 0.14 s  <<< ERROR!
java.lang.IllegalStateException: Unable to find a @SpringBootConfiguration, you need to use @ContextConfiguration or @SpringBootTest(classes=...) with your test

